<?xml version="1.0" encoding="UTF-8"?>
<testsuite xmlns:xsi="http://www.w3.org/2001/XMLSchema-instance" xsi:noNamespaceSchemaLocation="https://maven.apache.org/surefire/maven-surefire-plugin/xsd/surefire-test-report.xsd" name="org.nuxeo.coldstorage.operations.RestoreFromColdStorageTest" time="11.561" tests="4" errors="0" skipped="0" failures="0">
  <properties>
[...]
</properties>
  <testcase name="shouldBeRestore" classname="org.nuxeo.coldstorage.operations.RestoreFromColdStorageTest" time="1.672"/>
  <testcase name="shouldFailBeingRestored" classname="org.nuxeo.coldstorage.operations.RestoreFromColdStorageTest" time="1.734"/>
  <testcase name="shouldFailRestoreNoColdStorageContent" classname="org.nuxeo.coldstorage.operations.RestoreFromColdStorageTest" time="0.097"/>
  <testcase name="shouldMakeRestoreMultipleTimes" classname="org.nuxeo.coldstorage.operations.RestoreFromColdStorageTest" time="3.627"/>
</testsuite>