<?xml version="1.0" encoding="UTF-8"?>
<testsuite xmlns:xsi="http://www.w3.org/2001/XMLSchema-instance" xsi:noNamespaceSchemaLocation="https://maven.apache.org/surefire/maven-surefire-plugin/xsd/surefire-test-report.xsd" name="org.nuxeo.coldstorage.service.TestS3ColdStorageService" time="26.403" tests="14" errors="0" skipped="0" failures="0">
  <properties>
[...]
</properties>
  <testcase name="shouldFailMoveAlreadyInColdStorage" classname="org.nuxeo.coldstorage.service.TestS3ColdStorageService" time="2.099"/>
  <testcase name="shouldFailMoveToColdStorageNoContent" classname="org.nuxeo.coldstorage.service.TestS3ColdStorageService" time="0.574"/>
  <testcase name="shouldFailMoveToColdStorageUnderLegalHold" classname="org.nuxeo.coldstorage.service.TestS3ColdStorageService" time="0.856"/>
  <testcase name="shouldFailMoveToColdStorageUnderRetention" classname="org.nuxeo.coldstorage.service.TestS3ColdStorageService" time="0.879"/>
  <testcase name="shouldFailRemoveColdStorageFacet" classname="org.nuxeo.coldstorage.service.TestS3ColdStorageService" time="1.729"/>
  <testcase name="shouldFailRequestRetrievalBeingRetrieved" classname="org.nuxeo.coldstorage.service.TestS3ColdStorageService" time="1.923"/>
  <testcase name="shouldFailRequestRetrievalNoContent" classname="org.nuxeo.coldstorage.service.TestS3ColdStorageService" time="0.871"/>
  <testcase name="shouldFailUpdateMainContentAlreadyInColdStorage" classname="org.nuxeo.coldstorage.service.TestS3ColdStorageService" time="1.974"/>
  <testcase name="shouldFailWithoutRightPermissions" classname="org.nuxeo.coldstorage.service.TestS3ColdStorageService" time="0.939"/>
  <testcase name="shouldMoveToColdStorage" classname="org.nuxeo.coldstorage.service.TestS3ColdStorageService" time="1.538"/>
  <testcase name="shouldMoveToColdStorageIfBlobAlreadyIs" classname="org.nuxeo.coldstorage.service.TestS3ColdStorageService" time="2.087"/>
  <testcase name="shouldNotRecomputeFullText" classname="org.nuxeo.coldstorage.service.TestS3ColdStorageService" time="1.632"/>
  <testcase name="shouldNotRecomputeThumbnail" classname="org.nuxeo.coldstorage.service.TestS3ColdStorageService" time="4.238"/>
  <testcase name="shouldRequestRetrieval" classname="org.nuxeo.coldstorage.service.TestS3ColdStorageService" time="3.81"/>
</testsuite>